Using pre-set license
Built from '2020.3/release' branch; Version is '2020.3.31f1 (6b54b7616050) revision 7034039'; Using compiler version '192528614'; Build Type 'Release'
OS: 'Windows 10  (10.0.19044) 64bit Core' Language: 'en' Physical Memory: 6058 MB
BatchMode: 1, IsHumanControllingUs: 0, StartBugReporterOnCrash: 0, Is64bit: 1, IsPro: 0

COMMAND LINE ARGUMENTS:
C:\Program Files\Unity\Hub\Editor\2020.3.31f1\Editor\Unity.exe
-adb2
-batchMode
-noUpm
-name
AssetImportWorker1
-projectPath
D:/GitHub/Game2D_Kingdom/Game2D_Kingdom
-logFile
Logs/AssetImportWorker1.log
-srvPort
50344
Successfully changed project path to: D:/GitHub/Game2D_Kingdom/Game2D_Kingdom
D:/GitHub/Game2D_Kingdom/Game2D_Kingdom
Using Asset Import Pipeline V2.
Refreshing native plugins compatible for Editor in 70.73 ms, found 3 plugins.
Preloading 0 native plugins for Editor in 0.00 ms.
Initialize engine version: 2020.3.31f1 (6b54b7616050)
[Subsystems] Discovering subsystems at path C:/Program Files/Unity/Hub/Editor/2020.3.31f1/Editor/Data/Resources/UnitySubsystems
[Subsystems] Discovering subsystems at path D:/GitHub/Game2D_Kingdom/Game2D_Kingdom/Assets
GfxDevice: creating device client; threaded=0
Direct3D:
    Version:  Direct3D 11.0 [level 11.1]
    Renderer: AMD Radeon(TM) Vega 3 Graphics (ID=0x15d8)
    Vendor:   
    VRAM:     3029 MB
    Driver:   27.20.15030.3002
Initialize mono
Mono path[0] = 'C:/Program Files/Unity/Hub/Editor/2020.3.31f1/Editor/Data/Managed'
Mono path[1] = 'C:/Program Files/Unity/Hub/Editor/2020.3.31f1/Editor/Data/MonoBleedingEdge/lib/mono/unityjit'
Mono config path = 'C:/Program Files/Unity/Hub/Editor/2020.3.31f1/Editor/Data/MonoBleedingEdge/etc'
Using monoOptions --debugger-agent=transport=dt_socket,embedding=1,server=y,suspend=n,address=127.0.0.1:56896
Begin MonoManager ReloadAssembly
Registering precompiled unity dll's ...
Register platform support module: C:/Program Files/Unity/Hub/Editor/2020.3.31f1/Editor/Data/PlaybackEngines/WebGLSupport/UnityEditor.WebGL.Extensions.dll
Register platform support module: C:/Program Files/Unity/Hub/Editor/2020.3.31f1/Editor/Data/PlaybackEngines/WindowsStandaloneSupport/UnityEditor.WindowsStandalone.Extensions.dll
Registered in 0.004913 seconds.
Native extension for WindowsStandalone target not found
Native extension for WebGL target not found
Refreshing native plugins compatible for Editor in 69.16 ms, found 3 plugins.
Preloading 0 native plugins for Editor in 0.00 ms.
Mono: successfully reloaded assembly
- Completed reload, in  1.020 seconds
Domain Reload Profiling:
	ReloadAssembly (1021ms)
		BeginReloadAssembly (117ms)
			ExecutionOrderSort (0ms)
			DisableScriptedObjects (0ms)
			BackupInstance (0ms)
			ReleaseScriptingObjects (0ms)
			CreateAndSetChildDomain (1ms)
		EndReloadAssembly (780ms)
			LoadAssemblies (114ms)
			RebuildTransferFunctionScriptingTraits (0ms)
			SetupTypeCache (290ms)
			ReleaseScriptCaches (0ms)
			RebuildScriptCaches (39ms)
			SetupLoadedEditorAssemblies (280ms)
				LogAssemblyErrors (0ms)
				InitializePlatformSupportModulesInManaged (9ms)
				SetLoadedEditorAssemblies (0ms)
				RefreshPlugins (69ms)
				BeforeProcessingInitializeOnLoad (12ms)
				ProcessInitializeOnLoadAttributes (141ms)
				ProcessInitializeOnLoadMethodAttributes (47ms)
				AfterProcessingInitializeOnLoad (0ms)
				EditorAssembliesLoaded (0ms)
			ExecutionOrderSort2 (0ms)
			AwakeInstancesAfterBackupRestoration (0ms)
Platform modules already initialized, skipping
Registering precompiled user dll's ...
Registered in 0.003770 seconds.
Begin MonoManager ReloadAssembly
Native extension for WindowsStandalone target not found
Native extension for WebGL target not found
Refreshing native plugins compatible for Editor in 67.36 ms, found 3 plugins.
Preloading 0 native plugins for Editor in 0.00 ms.
Mono: successfully reloaded assembly
- Completed reload, in  2.492 seconds
Domain Reload Profiling:
	ReloadAssembly (2494ms)
		BeginReloadAssembly (209ms)
			ExecutionOrderSort (0ms)
			DisableScriptedObjects (7ms)
			BackupInstance (0ms)
			ReleaseScriptingObjects (0ms)
			CreateAndSetChildDomain (27ms)
		EndReloadAssembly (2188ms)
			LoadAssemblies (989ms)
			RebuildTransferFunctionScriptingTraits (0ms)
			SetupTypeCache (406ms)
			ReleaseScriptCaches (1ms)
			RebuildScriptCaches (75ms)
			SetupLoadedEditorAssemblies (525ms)
				LogAssemblyErrors (0ms)
				InitializePlatformSupportModulesInManaged (7ms)
				SetLoadedEditorAssemblies (0ms)
				RefreshPlugins (67ms)
				BeforeProcessingInitializeOnLoad (102ms)
				ProcessInitializeOnLoadAttributes (309ms)
				ProcessInitializeOnLoadMethodAttributes (30ms)
				AfterProcessingInitializeOnLoad (10ms)
				EditorAssembliesLoaded (0ms)
			ExecutionOrderSort2 (0ms)
			AwakeInstancesAfterBackupRestoration (9ms)
Platform modules already initialized, skipping
========================================================================
Worker process is ready to serve import requests
Launched and connected shader compiler UnityShaderCompiler.exe after 0.10 seconds
Refreshing native plugins compatible for Editor in 0.67 ms, found 3 plugins.
Preloading 0 native plugins for Editor in 0.00 ms.
Unloading 2200 Unused Serialized files (Serialized files now loaded: 0)
System memory in use before: 97.0 MB.
System memory in use after: 97.0 MB.

Unloading 31 unused Assets to reduce memory usage. Loaded Objects now: 2631.
Total: 5.086600 ms (FindLiveObjects: 0.246300 ms CreateObjectMapping: 0.084000 ms MarkObjects: 4.540100 ms  DeleteObjects: 0.214600 ms)

AssetImportParameters requested are different than current active one (requested -> active):
  custom:framework-win-MediaFoundation: 216162199b28c13a410421893ffa2e32 -> 
  custom:video-decoder-ogg-theora: a1e56fd34408186e4bbccfd4996cb3dc -> 
  custom:container-muxer-webm: aa71ff27fc2769a1b78a27578f13a17b -> 
  custom:container-demuxer-webm: 4f35f7cbe854078d1ac9338744f61a02 -> 
  custom:container-demuxer-ogg: 62fdf1f143b41e24485cea50d1cbac27 -> 
  custom:video-encoder-webm-vp8: eb34c28f22e8b96e1ab97ce403110664 -> 
  custom:video-decoder-webm-vp8: 9c59270c3fd7afecdb556c50c9e8de78 -> 
  custom:audio-decoder-ogg-vorbis: bf7c407c2cedff20999df2af8eb42d56 -> 
  custom:audio-encoder-webm-vorbis: bf7c407c2cedff20999df2af8eb42d56 -> 
========================================================================
Received Import Request.
  path: Assets/Resources/Animators/Effects
  artifactKey: Guid(e0fd2e3114013d14ca8c1953dbfbdab1) Importer(815301076,1909f56bfc062723c751e8b465ee728b)
Start importing Assets/Resources/Animators/Effects using Guid(e0fd2e3114013d14ca8c1953dbfbdab1) Importer(815301076,1909f56bfc062723c751e8b465ee728b)  -> (artifact id: '168aeb1bb708fae47bf7851316d542c6') in 0.011402 seconds 
========================================================================
Received Import Request.
  Time since last request: 54.612226 seconds.
  path: Assets/Resources/Sprites/GUI/ForceAttack.png
  artifactKey: Guid(df8f7ee79c4eac5459d5c6f5c4be354e) Importer(815301076,1909f56bfc062723c751e8b465ee728b)
Start importing Assets/Resources/Sprites/GUI/ForceAttack.png using Guid(df8f7ee79c4eac5459d5c6f5c4be354e) Importer(815301076,1909f56bfc062723c751e8b465ee728b)  -> (artifact id: '285e3213bd2b7055e8b1e744ff6d137a') in 0.153290 seconds 
========================================================================
Received Import Request.
  Time since last request: 0.386870 seconds.
  path: Assets/Resources/Sprites/GUI/Paper.png
  artifactKey: Guid(668b30732b3b4ac498f386a49fa5ac62) Importer(815301076,1909f56bfc062723c751e8b465ee728b)
Start importing Assets/Resources/Sprites/GUI/Paper.png using Guid(668b30732b3b4ac498f386a49fa5ac62) Importer(815301076,1909f56bfc062723c751e8b465ee728b)  -> (artifact id: '0a8f894f531dfe3fa22b3543b8cb0675') in 0.027821 seconds 
========================================================================
Received Import Request.
  Time since last request: 0.818792 seconds.
  path: Assets/Resources/Sprites/GUI/SplashSwing.png
  artifactKey: Guid(5ad29719d68cd744b94a12a95fc36f3e) Importer(815301076,1909f56bfc062723c751e8b465ee728b)
Start importing Assets/Resources/Sprites/GUI/SplashSwing.png using Guid(5ad29719d68cd744b94a12a95fc36f3e) Importer(815301076,1909f56bfc062723c751e8b465ee728b)  -> (artifact id: '67d1c11fe91d4ccbbd25bd93e7582a50') in 0.036490 seconds 
========================================================================
Received Import Request.
  Time since last request: 0.632481 seconds.
  path: Assets/Resources/Sprites/GUI/Stage1.png
  artifactKey: Guid(5f113c65dec604e47a7f6dc785d01420) Importer(815301076,1909f56bfc062723c751e8b465ee728b)
Start importing Assets/Resources/Sprites/GUI/Stage1.png using Guid(5f113c65dec604e47a7f6dc785d01420) Importer(815301076,1909f56bfc062723c751e8b465ee728b)  -> (artifact id: '35d4f767effb8fbf0ca956ab0ded89d1') in 0.030615 seconds 
========================================================================
Received Import Request.
  Time since last request: 3.445855 seconds.
  path: Assets/Resources/Sprites/GUI/UI_LoneRaider.png
  artifactKey: Guid(dc8ec42439520ca47bea1bfbc8b23388) Importer(815301076,1909f56bfc062723c751e8b465ee728b)
Start importing Assets/Resources/Sprites/GUI/UI_LoneRaider.png using Guid(dc8ec42439520ca47bea1bfbc8b23388) Importer(815301076,1909f56bfc062723c751e8b465ee728b)  -> (artifact id: '7ca802358b6a74dd4f68b7302dc11af5') in 0.023116 seconds 
========================================================================
Received Import Request.
  Time since last request: 3.383099 seconds.
  path: Assets/Resources/Sprites/GUI/UI_Menu.png
  artifactKey: Guid(2fea5b58d68a06d49820cc0405fb9c20) Importer(815301076,1909f56bfc062723c751e8b465ee728b)
Start importing Assets/Resources/Sprites/GUI/UI_Menu.png using Guid(2fea5b58d68a06d49820cc0405fb9c20) Importer(815301076,1909f56bfc062723c751e8b465ee728b)  -> (artifact id: '13c79339aee2af5a706a190d548e3d17') in 0.023037 seconds 
========================================================================
Received Import Request.
  Time since last request: 0.645038 seconds.
  path: Assets/Resources/Sprites/GUI/UI_Panel1.png
  artifactKey: Guid(88b925263fb6e12458b5372c4d44714a) Importer(815301076,1909f56bfc062723c751e8b465ee728b)
Start importing Assets/Resources/Sprites/GUI/UI_Panel1.png using Guid(88b925263fb6e12458b5372c4d44714a) Importer(815301076,1909f56bfc062723c751e8b465ee728b)  -> (artifact id: '16425bc6e286d3cdab2490ac0d0564a2') in 0.039934 seconds 
========================================================================
Received Import Request.
  Time since last request: 0.896714 seconds.
  path: Assets/Resources/Sprites/GUI/UI_Panel2.png
  artifactKey: Guid(0b8fcb1b64aeda74ea7ba0a2be923561) Importer(815301076,1909f56bfc062723c751e8b465ee728b)
Start importing Assets/Resources/Sprites/GUI/UI_Panel2.png using Guid(0b8fcb1b64aeda74ea7ba0a2be923561) Importer(815301076,1909f56bfc062723c751e8b465ee728b)  -> (artifact id: '47708238beb263da96be340fd6db50de') in 0.036050 seconds 
========================================================================
Received Import Request.
  Time since last request: 1.135087 seconds.
  path: Assets/Resources/Sprites/GUI/UI_Panel3.png
  artifactKey: Guid(7443b7eb72452474b893a869ebd2c221) Importer(815301076,1909f56bfc062723c751e8b465ee728b)
Start importing Assets/Resources/Sprites/GUI/UI_Panel3.png using Guid(7443b7eb72452474b893a869ebd2c221) Importer(815301076,1909f56bfc062723c751e8b465ee728b)  -> (artifact id: '8d84000bd262c4e4c013defea82bc0e4') in 0.036241 seconds 
========================================================================
Received Import Request.
  Time since last request: 0.929862 seconds.
  path: Assets/Resources/Sprites/GUI/UI_WingLeft.png
  artifactKey: Guid(bbb894d25fcf19541af496fd85151dc3) Importer(815301076,1909f56bfc062723c751e8b465ee728b)
Start importing Assets/Resources/Sprites/GUI/UI_WingLeft.png using Guid(bbb894d25fcf19541af496fd85151dc3) Importer(815301076,1909f56bfc062723c751e8b465ee728b)  -> (artifact id: 'f377952cc73c0802cbbe9b83ac0ba095') in 0.024133 seconds 
========================================================================
Received Import Request.
  Time since last request: 0.247652 seconds.
  path: Assets/Resources/Sprites/GUI/UI_WingRight.png
  artifactKey: Guid(724558c3ce057ed428bc4b872adf3466) Importer(815301076,1909f56bfc062723c751e8b465ee728b)
Start importing Assets/Resources/Sprites/GUI/UI_WingRight.png using Guid(724558c3ce057ed428bc4b872adf3466) Importer(815301076,1909f56bfc062723c751e8b465ee728b)  -> (artifact id: '0e3db6646eb693bb3f1c2d88524ab765') in 0.045501 seconds 
========================================================================
Received Import Request.
  Time since last request: 4.807783 seconds.
  path: Assets/Scenes
  artifactKey: Guid(131a6b21c8605f84396be9f6751fb6e3) Importer(815301076,1909f56bfc062723c751e8b465ee728b)
Start importing Assets/Scenes using Guid(131a6b21c8605f84396be9f6751fb6e3) Importer(815301076,1909f56bfc062723c751e8b465ee728b)  -> (artifact id: 'df75b7d1a31c5b4f73fd45661b403b04') in 0.013038 seconds 
========================================================================
Received Import Request.
  Time since last request: 723.972491 seconds.
  path: Assets/Resources/Sprites/Maps/overworld_GFX.png
  artifactKey: Guid(c4d357b85f31cce489181e51c523591b) Importer(815301076,1909f56bfc062723c751e8b465ee728b)
Start importing Assets/Resources/Sprites/Maps/overworld_GFX.png using Guid(c4d357b85f31cce489181e51c523591b) Importer(815301076,1909f56bfc062723c751e8b465ee728b)  -> (artifact id: '62573c64b3e64cfa4743aaf7218607c3') in 0.022590 seconds 
========================================================================
Received Import Request.
  Time since last request: 357.957611 seconds.
  path: Assets/Resources/Sprites/Maps/overworld_GFX.png
  artifactKey: Guid(c4d357b85f31cce489181e51c523591b) Importer(815301076,1909f56bfc062723c751e8b465ee728b)
Start importing Assets/Resources/Sprites/Maps/overworld_GFX.png using Guid(c4d357b85f31cce489181e51c523591b) Importer(815301076,1909f56bfc062723c751e8b465ee728b)  -> (artifact id: '6144ecb0ff152d29e7a943f8a97f89c2') in 2.944944 seconds 
========================================================================
Received Import Request.
  Time since last request: 490.789549 seconds.
  path: Assets/Resources/Sprites/Object/shelleffect_LPC.png
  artifactKey: Guid(4cc22c765975c14449e53fafbad43db6) Importer(815301076,1909f56bfc062723c751e8b465ee728b)
Start importing Assets/Resources/Sprites/Object/shelleffect_LPC.png using Guid(4cc22c765975c14449e53fafbad43db6) Importer(815301076,1909f56bfc062723c751e8b465ee728b)  -> (artifact id: '3cc63cb4865786d678110bdff31738b7') in 0.020271 seconds 
========================================================================
Received Import Request.
  Time since last request: 50.548967 seconds.
  path: Assets/Resources/Sprites/Object/shelleffect_LPC.png
  artifactKey: Guid(4cc22c765975c14449e53fafbad43db6) Importer(815301076,1909f56bfc062723c751e8b465ee728b)
Start importing Assets/Resources/Sprites/Object/shelleffect_LPC.png using Guid(4cc22c765975c14449e53fafbad43db6) Importer(815301076,1909f56bfc062723c751e8b465ee728b)  -> (artifact id: '0e3708f16a8947dc956d74b45576d32b') in 0.082329 seconds 
========================================================================
Received Import Request.
  Time since last request: 182.748526 seconds.
  path: Assets/Resources/Sprites/Object/wave_LPC.png
  artifactKey: Guid(fcaefa93e055f3f42a5d28268d45cebd) Importer(815301076,1909f56bfc062723c751e8b465ee728b)
Start importing Assets/Resources/Sprites/Object/wave_LPC.png using Guid(fcaefa93e055f3f42a5d28268d45cebd) Importer(815301076,1909f56bfc062723c751e8b465ee728b)  -> (artifact id: '1fc54c87bc6b5f55b5ae30ed2ddb9cce') in 0.018038 seconds 
========================================================================
Received Import Request.
  Time since last request: 124.074181 seconds.
  path: Assets/Resources/Sprites/Object/wave_LPC.png
  artifactKey: Guid(fcaefa93e055f3f42a5d28268d45cebd) Importer(815301076,1909f56bfc062723c751e8b465ee728b)
Start importing Assets/Resources/Sprites/Object/wave_LPC.png using Guid(fcaefa93e055f3f42a5d28268d45cebd) Importer(815301076,1909f56bfc062723c751e8b465ee728b)  -> (artifact id: '1f770b5f9443aa466a8a6c561ddbe8fe') in 0.060673 seconds 
========================================================================
Received Import Request.
  Time since last request: 432.499806 seconds.
  path: Assets/Resources/Animators/Effects/fountain.controller
  artifactKey: Guid(332c3471efdeab2459383dde031c5492) Importer(815301076,1909f56bfc062723c751e8b465ee728b)
Start importing Assets/Resources/Animators/Effects/fountain.controller using Guid(332c3471efdeab2459383dde031c5492) Importer(815301076,1909f56bfc062723c751e8b465ee728b)  -> (artifact id: '14848d240422346d7e6a1ad87b6b12cf') in 0.023660 seconds 
========================================================================
Received Import Request.
  Time since last request: 9.672236 seconds.
  path: Assets/Resources/Animators/Effects/fountain.anim
  artifactKey: Guid(c7f553bad8aff4e47958f468575b583a) Importer(815301076,1909f56bfc062723c751e8b465ee728b)
Start importing Assets/Resources/Animators/Effects/fountain.anim using Guid(c7f553bad8aff4e47958f468575b583a) Importer(815301076,1909f56bfc062723c751e8b465ee728b)  -> (artifact id: '76339c177e13ad541de2bb6c20add26c') in 0.005575 seconds 
========================================================================
Received Import Request.
  Time since last request: 3.829349 seconds.
  path: Assets/Resources/Animators/Effects/lightSpell.controller
  artifactKey: Guid(1fa831140040f5643befd9e267d169d6) Importer(815301076,1909f56bfc062723c751e8b465ee728b)
Start importing Assets/Resources/Animators/Effects/lightSpell.controller using Guid(1fa831140040f5643befd9e267d169d6) Importer(815301076,1909f56bfc062723c751e8b465ee728b)  -> (artifact id: '59dd377a1707cc40d33dc9dce5e73875') in 0.009575 seconds 
========================================================================
Received Import Request.
  Time since last request: 0.964834 seconds.
  path: Assets/Resources/Animators/Effects/lightSpell.anim
  artifactKey: Guid(804a8fc2956f30649b7406898f8bf51f) Importer(815301076,1909f56bfc062723c751e8b465ee728b)
Start importing Assets/Resources/Animators/Effects/lightSpell.anim using Guid(804a8fc2956f30649b7406898f8bf51f) Importer(815301076,1909f56bfc062723c751e8b465ee728b)  -> (artifact id: 'c35788a6398adbf30dd33021b4957d8a') in 0.003513 seconds 
========================================================================
Received Import Request.
  Time since last request: 9.571340 seconds.
  path: Assets/Resources/Animators/Effects/flag.controller
  artifactKey: Guid(8c071c87d8365e446b7b88983e64fd7c) Importer(815301076,1909f56bfc062723c751e8b465ee728b)
Start importing Assets/Resources/Animators/Effects/flag.controller using Guid(8c071c87d8365e446b7b88983e64fd7c) Importer(815301076,1909f56bfc062723c751e8b465ee728b)  -> (artifact id: 'ae1a5383115cd3c07602231069630e1c') in 0.008550 seconds 
========================================================================
Received Import Request.
  Time since last request: 2.317794 seconds.
  path: Assets/Resources/Animators/Effects/flag.anim
  artifactKey: Guid(606c1642580f4e84490625df80d6c227) Importer(815301076,1909f56bfc062723c751e8b465ee728b)
Start importing Assets/Resources/Animators/Effects/flag.anim using Guid(606c1642580f4e84490625df80d6c227) Importer(815301076,1909f56bfc062723c751e8b465ee728b)  -> (artifact id: '8f29d08c2e35d1797a3f2508592275d5') in 0.006599 seconds 
========================================================================
Received Import Request.
  Time since last request: 52.904174 seconds.
  path: Assets/Resources/Sprites/Maps/overworld_GFX.png
  artifactKey: Guid(c4d357b85f31cce489181e51c523591b) Importer(815301076,1909f56bfc062723c751e8b465ee728b)
Start importing Assets/Resources/Sprites/Maps/overworld_GFX.png using Guid(c4d357b85f31cce489181e51c523591b) Importer(815301076,1909f56bfc062723c751e8b465ee728b)  -> (artifact id: 'a05271a05b821bb054487f79c536db8b') in 3.176079 seconds 
========================================================================
Received Import Request.
  Time since last request: 34.020177 seconds.
  path: Assets/Resources/Sprites/Maps/overworld_GFX.png
  artifactKey: Guid(c4d357b85f31cce489181e51c523591b) Importer(815301076,1909f56bfc062723c751e8b465ee728b)
Start importing Assets/Resources/Sprites/Maps/overworld_GFX.png using Guid(c4d357b85f31cce489181e51c523591b) Importer(815301076,1909f56bfc062723c751e8b465ee728b)  -> (artifact id: 'cf2a6d4178da5036d27fcd5553548ffd') in 0.019389 seconds 
========================================================================
Received Import Request.
  Time since last request: 14.739260 seconds.
  path: Assets/Resources/Sprites/Maps/overworld_GFX.png
  artifactKey: Guid(c4d357b85f31cce489181e51c523591b) Importer(815301076,1909f56bfc062723c751e8b465ee728b)
Start importing Assets/Resources/Sprites/Maps/overworld_GFX.png using Guid(c4d357b85f31cce489181e51c523591b) Importer(815301076,1909f56bfc062723c751e8b465ee728b)  -> (artifact id: '33d63051e59e709715842d1e013f32a9') in 0.036595 seconds 
========================================================================
Received Import Request.
  Time since last request: 48.743237 seconds.
  path: Assets/Resources/Sprites/Object/overworld_GFX.png
  artifactKey: Guid(6900cef46f6c5f34cbc5a58ce95f05dd) Importer(815301076,1909f56bfc062723c751e8b465ee728b)
Start importing Assets/Resources/Sprites/Object/overworld_GFX.png using Guid(6900cef46f6c5f34cbc5a58ce95f05dd) Importer(815301076,1909f56bfc062723c751e8b465ee728b)  -> (artifact id: 'cb0bcc6a198b2a1cea5d8e89a537e289') in 0.019177 seconds 
========================================================================
Received Import Request.
  Time since last request: 229.097844 seconds.
  path: Assets/Resources/Sprites/Object/overworld_GFX.png
  artifactKey: Guid(6900cef46f6c5f34cbc5a58ce95f05dd) Importer(815301076,1909f56bfc062723c751e8b465ee728b)
Start importing Assets/Resources/Sprites/Object/overworld_GFX.png using Guid(6900cef46f6c5f34cbc5a58ce95f05dd) Importer(815301076,1909f56bfc062723c751e8b465ee728b)  -> (artifact id: 'e1376e3aa7122616ee3a816c3cb0ac8d') in 4.269422 seconds 
========================================================================
Received Import Request.
  Time since last request: 354.757005 seconds.
  path: Assets/Resources/Sprites/Object/overworld_GFX.png
  artifactKey: Guid(6900cef46f6c5f34cbc5a58ce95f05dd) Importer(815301076,1909f56bfc062723c751e8b465ee728b)
Start importing Assets/Resources/Sprites/Object/overworld_GFX.png using Guid(6900cef46f6c5f34cbc5a58ce95f05dd) Importer(815301076,1909f56bfc062723c751e8b465ee728b)  -> (artifact id: '5d3cd46cd4890f2e792a3ba52ce4493c') in 3.131621 seconds 
========================================================================
Received Import Request.
  Time since last request: 3380.861164 seconds.
  path: Assets/Resources/Prefabs
  artifactKey: Guid(42ee12f436e20ed478908b01124c9ece) Importer(815301076,1909f56bfc062723c751e8b465ee728b)
Start importing Assets/Resources/Prefabs using Guid(42ee12f436e20ed478908b01124c9ece) Importer(815301076,1909f56bfc062723c751e8b465ee728b)  -> (artifact id: 'cd8a738e155fdfcd6210a6b6d4eddc25') in 0.008485 seconds 
========================================================================
Received Import Request.
  Time since last request: 33.414844 seconds.
  path: Assets/Resources/Clips/Effects
  artifactKey: Guid(c01080101169afb47b648ae2b7366cfe) Importer(815301076,1909f56bfc062723c751e8b465ee728b)
Start importing Assets/Resources/Clips/Effects using Guid(c01080101169afb47b648ae2b7366cfe) Importer(815301076,1909f56bfc062723c751e8b465ee728b)  -> (artifact id: '002af934791f2cc7b3ad9828e51ffd07') in 0.003549 seconds 
========================================================================
Received Import Request.
  Time since last request: 6.630995 seconds.
  path: Assets/Resources/Animators/Effects/demonShield.controller
  artifactKey: Guid(5586d81134c1f8d468b26848f2458af3) Importer(815301076,1909f56bfc062723c751e8b465ee728b)
Start importing Assets/Resources/Animators/Effects/demonShield.controller using Guid(5586d81134c1f8d468b26848f2458af3) Importer(815301076,1909f56bfc062723c751e8b465ee728b)  -> (artifact id: '508285fac4f29ae33c9f5724a409eedb') in 0.010703 seconds 
========================================================================
Received Import Request.
  Time since last request: 1.747367 seconds.
  path: Assets/Resources/Animators/Effects/demonShield.anim
  artifactKey: Guid(fd882506c47984a48b7b973b2819f046) Importer(815301076,1909f56bfc062723c751e8b465ee728b)
Start importing Assets/Resources/Animators/Effects/demonShield.anim using Guid(fd882506c47984a48b7b973b2819f046) Importer(815301076,1909f56bfc062723c751e8b465ee728b)  -> (artifact id: 'f14c819e0f9ea2ceb4f68f91551338f5') in 0.003830 seconds 
========================================================================
Received Import Request.
  Time since last request: 56.603528 seconds.
  path: Assets/Resources/Prefabs/Enemies
  artifactKey: Guid(742b48a311bcbba48bce003f7c80f34b) Importer(815301076,1909f56bfc062723c751e8b465ee728b)
Start importing Assets/Resources/Prefabs/Enemies using Guid(742b48a311bcbba48bce003f7c80f34b) Importer(815301076,1909f56bfc062723c751e8b465ee728b)  -> (artifact id: 'c8aa881d22283f1f1499cf3623877b2a') in 0.008083 seconds 
========================================================================
Received Import Request.
  Time since last request: 6.968290 seconds.
  path: Assets/Resources/Prefabs/Player
  artifactKey: Guid(4d7de80a72b0af54faad258d6ccd8339) Importer(815301076,1909f56bfc062723c751e8b465ee728b)
Start importing Assets/Resources/Prefabs/Player using Guid(4d7de80a72b0af54faad258d6ccd8339) Importer(815301076,1909f56bfc062723c751e8b465ee728b)  -> (artifact id: '741cd1e3d4aee122f04048fdd9bf8f26') in 0.008801 seconds 
========================================================================
Received Import Request.
  Time since last request: 17.677727 seconds.
  path: Assets/Resources/Prefabs/Stuff
  artifactKey: Guid(7a593576bd5f39c47a0a45f9ab9d6b34) Importer(815301076,1909f56bfc062723c751e8b465ee728b)
Start importing Assets/Resources/Prefabs/Stuff using Guid(7a593576bd5f39c47a0a45f9ab9d6b34) Importer(815301076,1909f56bfc062723c751e8b465ee728b)  -> (artifact id: 'f5b197d96e6767ee4d247953e67ad482') in 0.007944 seconds 
========================================================================
Received Import Request.
  Time since last request: 37.686669 seconds.
  path: Assets/Resources/Prefabs/Stuffs
  artifactKey: Guid(7a593576bd5f39c47a0a45f9ab9d6b34) Importer(815301076,1909f56bfc062723c751e8b465ee728b)
Start importing Assets/Resources/Prefabs/Stuffs using Guid(7a593576bd5f39c47a0a45f9ab9d6b34) Importer(815301076,1909f56bfc062723c751e8b465ee728b)  -> (artifact id: 'd12cc5924d7352fa223f344bbcf35010') in 0.009315 seconds 
========================================================================
Received Import Request.
  Time since last request: 36.553543 seconds.
  path: Assets/Resources/Prefabs/Stuffs/hole.prefab
  artifactKey: Guid(3644afa236d39d4418175b1833e1715b) Importer(815301076,1909f56bfc062723c751e8b465ee728b)
Start importing Assets/Resources/Prefabs/Stuffs/hole.prefab using Guid(3644afa236d39d4418175b1833e1715b) Importer(815301076,1909f56bfc062723c751e8b465ee728b) The Animator Controller (smoke) you have used is not valid. Animations will not play
UnityEngine.StackTraceUtility:ExtractStackTrace ()
UnityEditor.EditorUtility:Internal_InstantiateRemoveAllNonAnimationComponentsSingle (UnityEngine.Object,UnityEngine.Vector3,UnityEngine.Quaternion)
UnityEditor.EditorUtility:InstantiateRemoveAllNonAnimationComponents (UnityEngine.Object,UnityEngine.Vector3,UnityEngine.Quaternion)
UnityEditor.EditorUtility:InstantiateForAnimatorPreview (UnityEngine.Object)
UnityEditor.GameObjectInspector/PreviewData:UpdateGameObject (UnityEngine.Object)
UnityEditor.GameObjectInspector/PreviewData:.ctor (UnityEngine.Object)
UnityEditor.GameObjectInspector:GetPreviewData ()
UnityEditor.GameObjectInspector:RenderStaticPreview (string,UnityEngine.Object[],int,int)
UnityEditor.AssetPreviewUpdater:CreatePreviewForAsset (UnityEngine.Object,UnityEngine.Object[],string)

[C:\buildslave\unity\build\Modules/Animation/Director/AnimatorControllerPlayable.cpp line 333]

The Animator Controller (smoke) you have used is not valid. Animations will not play
UnityEngine.StackTraceUtility:ExtractStackTrace ()
UnityEditor.EditorUtility:InitInstantiatedPreviewRecursive (UnityEngine.GameObject)
UnityEditor.EditorUtility:InstantiateForAnimatorPreview (UnityEngine.Object)
UnityEditor.GameObjectInspector/PreviewData:UpdateGameObject (UnityEngine.Object)
UnityEditor.GameObjectInspector/PreviewData:.ctor (UnityEngine.Object)
UnityEditor.GameObjectInspector:GetPreviewData ()
UnityEditor.GameObjectInspector:RenderStaticPreview (string,UnityEngine.Object[],int,int)
UnityEditor.AssetPreviewUpdater:CreatePreviewForAsset (UnityEngine.Object,UnityEngine.Object[],string)

[C:\buildslave\unity\build\Modules/Animation/Director/AnimatorControllerPlayable.cpp line 333]

 -> (artifact id: '1ce998f0972c2e57d597a7ca5e17e9b1') in 0.098883 seconds 
========================================================================
Received Import Request.
  Time since last request: 1.848605 seconds.
  path: Assets/Resources/Prefabs/Stuffs/flag.prefab
  artifactKey: Guid(8e4a3ed7b28cfff4ebd6cf6420869385) Importer(815301076,1909f56bfc062723c751e8b465ee728b)
Start importing Assets/Resources/Prefabs/Stuffs/flag.prefab using Guid(8e4a3ed7b28cfff4ebd6cf6420869385) Importer(815301076,1909f56bfc062723c751e8b465ee728b) The Animator Controller (flag) you have used is not valid. Animations will not play
UnityEngine.StackTraceUtility:ExtractStackTrace ()
UnityEditor.EditorUtility:Internal_InstantiateRemoveAllNonAnimationComponentsSingle (UnityEngine.Object,UnityEngine.Vector3,UnityEngine.Quaternion)
UnityEditor.EditorUtility:InstantiateRemoveAllNonAnimationComponents (UnityEngine.Object,UnityEngine.Vector3,UnityEngine.Quaternion)
UnityEditor.EditorUtility:InstantiateForAnimatorPreview (UnityEngine.Object)
UnityEditor.GameObjectInspector/PreviewData:UpdateGameObject (UnityEngine.Object)
UnityEditor.GameObjectInspector/PreviewData:.ctor (UnityEngine.Object)
UnityEditor.GameObjectInspector:GetPreviewData ()
UnityEditor.GameObjectInspector:RenderStaticPreview (string,UnityEngine.Object[],int,int)
UnityEditor.AssetPreviewUpdater:CreatePreviewForAsset (UnityEngine.Object,UnityEngine.Object[],string)

[C:\buildslave\unity\build\Modules/Animation/Director/AnimatorControllerPlayable.cpp line 333]

The Animator Controller (flag) you have used is not valid. Animations will not play
UnityEngine.StackTraceUtility:ExtractStackTrace ()
UnityEditor.EditorUtility:InitInstantiatedPreviewRecursive (UnityEngine.GameObject)
UnityEditor.EditorUtility:InstantiateForAnimatorPreview (UnityEngine.Object)
UnityEditor.GameObjectInspector/PreviewData:UpdateGameObject (UnityEngine.Object)
UnityEditor.GameObjectInspector/PreviewData:.ctor (UnityEngine.Object)
UnityEditor.GameObjectInspector:GetPreviewData ()
UnityEditor.GameObjectInspector:RenderStaticPreview (string,UnityEngine.Object[],int,int)
UnityEditor.AssetPreviewUpdater:CreatePreviewForAsset (UnityEngine.Object,UnityEngine.Object[],string)

[C:\buildslave\unity\build\Modules/Animation/Director/AnimatorControllerPlayable.cpp line 333]

 -> (artifact id: '9719feb9200d6e9ddaabb280d1827c97') in 0.021639 seconds 
========================================================================
Received Import Request.
  Time since last request: 1.077056 seconds.
  path: Assets/Resources/Prefabs/Stuffs/fountain.prefab
  artifactKey: Guid(d37d73f03a31fe2479fd46672f4b3636) Importer(815301076,1909f56bfc062723c751e8b465ee728b)
Start importing Assets/Resources/Prefabs/Stuffs/fountain.prefab using Guid(d37d73f03a31fe2479fd46672f4b3636) Importer(815301076,1909f56bfc062723c751e8b465ee728b) The Animator Controller (fountain) you have used is not valid. Animations will not play
UnityEngine.StackTraceUtility:ExtractStackTrace ()
UnityEditor.EditorUtility:Internal_InstantiateRemoveAllNonAnimationComponentsSingle (UnityEngine.Object,UnityEngine.Vector3,UnityEngine.Quaternion)
UnityEditor.EditorUtility:InstantiateRemoveAllNonAnimationComponents (UnityEngine.Object,UnityEngine.Vector3,UnityEngine.Quaternion)
UnityEditor.EditorUtility:InstantiateForAnimatorPreview (UnityEngine.Object)
UnityEditor.GameObjectInspector/PreviewData:UpdateGameObject (UnityEngine.Object)
UnityEditor.GameObjectInspector/PreviewData:.ctor (UnityEngine.Object)
UnityEditor.GameObjectInspector:GetPreviewData ()
UnityEditor.GameObjectInspector:RenderStaticPreview (string,UnityEngine.Object[],int,int)
UnityEditor.AssetPreviewUpdater:CreatePreviewForAsset (UnityEngine.Object,UnityEngine.Object[],string)

[C:\buildslave\unity\build\Modules/Animation/Director/AnimatorControllerPlayable.cpp line 333]

The Animator Controller (fountain) you have used is not valid. Animations will not play
UnityEngine.StackTraceUtility:ExtractStackTrace ()
UnityEditor.EditorUtility:InitInstantiatedPreviewRecursive (UnityEngine.GameObject)
UnityEditor.EditorUtility:InstantiateForAnimatorPreview (UnityEngine.Object)
UnityEditor.GameObjectInspector/PreviewData:UpdateGameObject (UnityEngine.Object)
UnityEditor.GameObjectInspector/PreviewData:.ctor (UnityEngine.Object)
UnityEditor.GameObjectInspector:GetPreviewData ()
UnityEditor.GameObjectInspector:RenderStaticPreview (string,UnityEngine.Object[],int,int)
UnityEditor.AssetPreviewUpdater:CreatePreviewForAsset (UnityEngine.Object,UnityEngine.Object[],string)

[C:\buildslave\unity\build\Modules/Animation/Director/AnimatorControllerPlayable.cpp line 333]

 -> (artifact id: 'e3bd60b1545d195edfe775158f7f37e3') in 0.018210 seconds 
========================================================================
Received Import Request.
  Time since last request: 1.279409 seconds.
  path: Assets/Resources/Prefabs/Stuffs/waterFall.prefab
  artifactKey: Guid(8bb21766001c24244bb5873534264633) Importer(815301076,1909f56bfc062723c751e8b465ee728b)
Start importing Assets/Resources/Prefabs/Stuffs/waterFall.prefab using Guid(8bb21766001c24244bb5873534264633) Importer(815301076,1909f56bfc062723c751e8b465ee728b) The Animator Controller (waterFall) you have used is not valid. Animations will not play
UnityEngine.StackTraceUtility:ExtractStackTrace ()
UnityEditor.EditorUtility:Internal_InstantiateRemoveAllNonAnimationComponentsSingle (UnityEngine.Object,UnityEngine.Vector3,UnityEngine.Quaternion)
UnityEditor.EditorUtility:InstantiateRemoveAllNonAnimationComponents (UnityEngine.Object,UnityEngine.Vector3,UnityEngine.Quaternion)
UnityEditor.EditorUtility:InstantiateForAnimatorPreview (UnityEngine.Object)
UnityEditor.GameObjectInspector/PreviewData:UpdateGameObject (UnityEngine.Object)
UnityEditor.GameObjectInspector/PreviewData:.ctor (UnityEngine.Object)
UnityEditor.GameObjectInspector:GetPreviewData ()
UnityEditor.GameObjectInspector:RenderStaticPreview (string,UnityEngine.Object[],int,int)
UnityEditor.AssetPreviewUpdater:CreatePreviewForAsset (UnityEngine.Object,UnityEngine.Object[],string)

[C:\buildslave\unity\build\Modules/Animation/Director/AnimatorControllerPlayable.cpp line 333]

The Animator Controller (waterFall) you have used is not valid. Animations will not play
UnityEngine.StackTraceUtility:ExtractStackTrace ()
UnityEditor.EditorUtility:InitInstantiatedPreviewRecursive (UnityEngine.GameObject)
UnityEditor.EditorUtility:InstantiateForAnimatorPreview (UnityEngine.Object)
UnityEditor.GameObjectInspector/PreviewData:UpdateGameObject (UnityEngine.Object)
UnityEditor.GameObjectInspector/PreviewData:.ctor (UnityEngine.Object)
UnityEditor.GameObjectInspector:GetPreviewData ()
UnityEditor.GameObjectInspector:RenderStaticPreview (string,UnityEngine.Object[],int,int)
UnityEditor.AssetPreviewUpdater:CreatePreviewForAsset (UnityEngine.Object,UnityEngine.Object[],string)

[C:\buildslave\unity\build\Modules/Animation/Director/AnimatorControllerPlayable.cpp line 333]

 -> (artifact id: '673a9c39b3446b55ebf2546b00b84ede') in 0.020623 seconds 
========================================================================
Received Import Request.
  Time since last request: 1.671129 seconds.
  path: Assets/Resources/Prefabs/Stuffs/waterDark.prefab
  artifactKey: Guid(e1d4d0ce31b36a14691e4ba6aa206acd) Importer(815301076,1909f56bfc062723c751e8b465ee728b)
Start importing Assets/Resources/Prefabs/Stuffs/waterDark.prefab using Guid(e1d4d0ce31b36a14691e4ba6aa206acd) Importer(815301076,1909f56bfc062723c751e8b465ee728b) The Animator Controller (waterDark) you have used is not valid. Animations will not play
UnityEngine.StackTraceUtility:ExtractStackTrace ()
UnityEditor.EditorUtility:Internal_InstantiateRemoveAllNonAnimationComponentsSingle (UnityEngine.Object,UnityEngine.Vector3,UnityEngine.Quaternion)
UnityEditor.EditorUtility:InstantiateRemoveAllNonAnimationComponents (UnityEngine.Object,UnityEngine.Vector3,UnityEngine.Quaternion)
UnityEditor.EditorUtility:InstantiateForAnimatorPreview (UnityEngine.Object)
UnityEditor.GameObjectInspector/PreviewData:UpdateGameObject (UnityEngine.Object)
UnityEditor.GameObjectInspector/PreviewData:.ctor (UnityEngine.Object)
UnityEditor.GameObjectInspector:GetPreviewData ()
UnityEditor.GameObjectInspector:RenderStaticPreview (string,UnityEngine.Object[],int,int)
UnityEditor.AssetPreviewUpdater:CreatePreviewForAsset (UnityEngine.Object,UnityEngine.Object[],string)

[C:\buildslave\unity\build\Modules/Animation/Director/AnimatorControllerPlayable.cpp line 333]

The Animator Controller (waterDark) you have used is not valid. Animations will not play
UnityEngine.StackTraceUtility:ExtractStackTrace ()
UnityEditor.EditorUtility:InitInstantiatedPreviewRecursive (UnityEngine.GameObject)
UnityEditor.EditorUtility:InstantiateForAnimatorPreview (UnityEngine.Object)
UnityEditor.GameObjectInspector/PreviewData:UpdateGameObject (UnityEngine.Object)
UnityEditor.GameObjectInspector/PreviewData:.ctor (UnityEngine.Object)
UnityEditor.GameObjectInspector:GetPreviewData ()
UnityEditor.GameObjectInspector:RenderStaticPreview (string,UnityEngine.Object[],int,int)
UnityEditor.AssetPreviewUpdater:CreatePreviewForAsset (UnityEngine.Object,UnityEngine.Object[],string)

[C:\buildslave\unity\build\Modules/Animation/Director/AnimatorControllerPlayable.cpp line 333]

 -> (artifact id: 'ce5fe084f7ca03adf871298160c55523') in 0.022840 seconds 
========================================================================
Received Import Request.
  Time since last request: 1.709058 seconds.
  path: Assets/Resources/Prefabs/Stuffs/waterBlue.prefab
  artifactKey: Guid(f67d7c99067d2e6458df29fd3f99dc04) Importer(815301076,1909f56bfc062723c751e8b465ee728b)
Start importing Assets/Resources/Prefabs/Stuffs/waterBlue.prefab using Guid(f67d7c99067d2e6458df29fd3f99dc04) Importer(815301076,1909f56bfc062723c751e8b465ee728b) The Animator Controller (waterBlue) you have used is not valid. Animations will not play
UnityEngine.StackTraceUtility:ExtractStackTrace ()
UnityEditor.EditorUtility:Internal_InstantiateRemoveAllNonAnimationComponentsSingle (UnityEngine.Object,UnityEngine.Vector3,UnityEngine.Quaternion)
UnityEditor.EditorUtility:InstantiateRemoveAllNonAnimationComponents (UnityEngine.Object,UnityEngine.Vector3,UnityEngine.Quaternion)
UnityEditor.EditorUtility:InstantiateForAnimatorPreview (UnityEngine.Object)
UnityEditor.GameObjectInspector/PreviewData:UpdateGameObject (UnityEngine.Object)
UnityEditor.GameObjectInspector/PreviewData:.ctor (UnityEngine.Object)
UnityEditor.GameObjectInspector:GetPreviewData ()
UnityEditor.GameObjectInspector:RenderStaticPreview (string,UnityEngine.Object[],int,int)
UnityEditor.AssetPreviewUpdater:CreatePreviewForAsset (UnityEngine.Object,UnityEngine.Object[],string)

[C:\buildslave\unity\build\Modules/Animation/Director/AnimatorControllerPlayable.cpp line 333]

The Animator Controller (waterBlue) you have used is not valid. Animations will not play
UnityEngine.StackTraceUtility:ExtractStackTrace ()
UnityEditor.EditorUtility:InitInstantiatedPreviewRecursive (UnityEngine.GameObject)
UnityEditor.EditorUtility:InstantiateForAnimatorPreview (UnityEngine.Object)
UnityEditor.GameObjectInspector/PreviewData:UpdateGameObject (UnityEngine.Object)
UnityEditor.GameObjectInspector/PreviewData:.ctor (UnityEngine.Object)
UnityEditor.GameObjectInspector:GetPreviewData ()
UnityEditor.GameObjectInspector:RenderStaticPreview (string,UnityEngine.Object[],int,int)
UnityEditor.AssetPreviewUpdater:CreatePreviewForAsset (UnityEngine.Object,UnityEngine.Object[],string)

[C:\buildslave\unity\build\Modules/Animation/Director/AnimatorControllerPlayable.cpp line 333]

 -> (artifact id: '8c197c8ab65988a3e18010ca28bfd605') in 0.021978 seconds 
========================================================================
Received Import Request.
  Time since last request: 1.572813 seconds.
  path: Assets/Resources/Prefabs/Stuffs/demonShield.prefab
  artifactKey: Guid(4c7e905929003a54da40fdad269c11ed) Importer(815301076,1909f56bfc062723c751e8b465ee728b)
Start importing Assets/Resources/Prefabs/Stuffs/demonShield.prefab using Guid(4c7e905929003a54da40fdad269c11ed) Importer(815301076,1909f56bfc062723c751e8b465ee728b) The Animator Controller (demonShield) you have used is not valid. Animations will not play
UnityEngine.StackTraceUtility:ExtractStackTrace ()
UnityEditor.EditorUtility:Internal_InstantiateRemoveAllNonAnimationComponentsSingle (UnityEngine.Object,UnityEngine.Vector3,UnityEngine.Quaternion)
UnityEditor.EditorUtility:InstantiateRemoveAllNonAnimationComponents (UnityEngine.Object,UnityEngine.Vector3,UnityEngine.Quaternion)
UnityEditor.EditorUtility:InstantiateForAnimatorPreview (UnityEngine.Object)
UnityEditor.GameObjectInspector/PreviewData:UpdateGameObject (UnityEngine.Object)
UnityEditor.GameObjectInspector/PreviewData:.ctor (UnityEngine.Object)
UnityEditor.GameObjectInspector:GetPreviewData ()
UnityEditor.GameObjectInspector:RenderStaticPreview (string,UnityEngine.Object[],int,int)
UnityEditor.AssetPreviewUpdater:CreatePreviewForAsset (UnityEngine.Object,UnityEngine.Object[],string)

[C:\buildslave\unity\build\Modules/Animation/Director/AnimatorControllerPlayable.cpp line 333]

The Animator Controller (demonShield) you have used is not valid. Animations will not play
UnityEngine.StackTraceUtility:ExtractStackTrace ()
UnityEditor.EditorUtility:InitInstantiatedPreviewRecursive (UnityEngine.GameObject)
UnityEditor.EditorUtility:InstantiateForAnimatorPreview (UnityEngine.Object)
UnityEditor.GameObjectInspector/PreviewData:UpdateGameObject (UnityEngine.Object)
UnityEditor.GameObjectInspector/PreviewData:.ctor (UnityEngine.Object)
UnityEditor.GameObjectInspector:GetPreviewData ()
UnityEditor.GameObjectInspector:RenderStaticPreview (string,UnityEngine.Object[],int,int)
UnityEditor.AssetPreviewUpdater:CreatePreviewForAsset (UnityEngine.Object,UnityEngine.Object[],string)

[C:\buildslave\unity\build\Modules/Animation/Director/AnimatorControllerPlayable.cpp line 333]

 -> (artifact id: 'a53cafc0b3513eb7159c387d97a38467') in 0.023971 seconds 
========================================================================
Received Import Request.
  Time since last request: 2.189930 seconds.
  path: Assets/Resources/Prefabs/Stuffs/smoke.prefab
  artifactKey: Guid(b2022e8a4d7801b4cb316762abb2adca) Importer(815301076,1909f56bfc062723c751e8b465ee728b)
Start importing Assets/Resources/Prefabs/Stuffs/smoke.prefab using Guid(b2022e8a4d7801b4cb316762abb2adca) Importer(815301076,1909f56bfc062723c751e8b465ee728b) The Animator Controller (smoke) you have used is not valid. Animations will not play
UnityEngine.StackTraceUtility:ExtractStackTrace ()
UnityEditor.EditorUtility:Internal_InstantiateRemoveAllNonAnimationComponentsSingle (UnityEngine.Object,UnityEngine.Vector3,UnityEngine.Quaternion)
UnityEditor.EditorUtility:InstantiateRemoveAllNonAnimationComponents (UnityEngine.Object,UnityEngine.Vector3,UnityEngine.Quaternion)
UnityEditor.EditorUtility:InstantiateForAnimatorPreview (UnityEngine.Object)
UnityEditor.GameObjectInspector/PreviewData:UpdateGameObject (UnityEngine.Object)
UnityEditor.GameObjectInspector/PreviewData:.ctor (UnityEngine.Object)
UnityEditor.GameObjectInspector:GetPreviewData ()
UnityEditor.GameObjectInspector:RenderStaticPreview (string,UnityEngine.Object[],int,int)
UnityEditor.AssetPreviewUpdater:CreatePreviewForAsset (UnityEngine.Object,UnityEngine.Object[],string)

[C:\buildslave\unity\build\Modules/Animation/Director/AnimatorControllerPlayable.cpp line 333]

The Animator Controller (smoke) you have used is not valid. Animations will not play
UnityEngine.StackTraceUtility:ExtractStackTrace ()
UnityEditor.EditorUtility:InitInstantiatedPreviewRecursive (UnityEngine.GameObject)
UnityEditor.EditorUtility:InstantiateForAnimatorPreview (UnityEngine.Object)
UnityEditor.GameObjectInspector/PreviewData:UpdateGameObject (UnityEngine.Object)
UnityEditor.GameObjectInspector/PreviewData:.ctor (UnityEngine.Object)
UnityEditor.GameObjectInspector:GetPreviewData ()
UnityEditor.GameObjectInspector:RenderStaticPreview (string,UnityEngine.Object[],int,int)
UnityEditor.AssetPreviewUpdater:CreatePreviewForAsset (UnityEngine.Object,UnityEngine.Object[],string)

[C:\buildslave\unity\build\Modules/Animation/Director/AnimatorControllerPlayable.cpp line 333]

 -> (artifact id: 'ee01d191fdd201ede2d1c5165cee4754') in 0.024197 seconds 
========================================================================
Received Import Request.
  Time since last request: 1.688991 seconds.
  path: Assets/Resources/Prefabs/Stuffs/lightSpell.prefab
  artifactKey: Guid(a2bf21a745913694dbb70396b3416edc) Importer(815301076,1909f56bfc062723c751e8b465ee728b)
Start importing Assets/Resources/Prefabs/Stuffs/lightSpell.prefab using Guid(a2bf21a745913694dbb70396b3416edc) Importer(815301076,1909f56bfc062723c751e8b465ee728b) The Animator Controller (lightSpell) you have used is not valid. Animations will not play
UnityEngine.StackTraceUtility:ExtractStackTrace ()
UnityEditor.EditorUtility:Internal_InstantiateRemoveAllNonAnimationComponentsSingle (UnityEngine.Object,UnityEngine.Vector3,UnityEngine.Quaternion)
UnityEditor.EditorUtility:InstantiateRemoveAllNonAnimationComponents (UnityEngine.Object,UnityEngine.Vector3,UnityEngine.Quaternion)
UnityEditor.EditorUtility:InstantiateForAnimatorPreview (UnityEngine.Object)
UnityEditor.GameObjectInspector/PreviewData:UpdateGameObject (UnityEngine.Object)
UnityEditor.GameObjectInspector/PreviewData:.ctor (UnityEngine.Object)
UnityEditor.GameObjectInspector:GetPreviewData ()
UnityEditor.GameObjectInspector:RenderStaticPreview (string,UnityEngine.Object[],int,int)
UnityEditor.AssetPreviewUpdater:CreatePreviewForAsset (UnityEngine.Object,UnityEngine.Object[],string)

[C:\buildslave\unity\build\Modules/Animation/Director/AnimatorControllerPlayable.cpp line 333]

The Animator Controller (lightSpell) you have used is not valid. Animations will not play
UnityEngine.StackTraceUtility:ExtractStackTrace ()
UnityEditor.EditorUtility:InitInstantiatedPreviewRecursive (UnityEngine.GameObject)
UnityEditor.EditorUtility:InstantiateForAnimatorPreview (UnityEngine.Object)
UnityEditor.GameObjectInspector/PreviewData:UpdateGameObject (UnityEngine.Object)
UnityEditor.GameObjectInspector/PreviewData:.ctor (UnityEngine.Object)
UnityEditor.GameObjectInspector:GetPreviewData ()
UnityEditor.GameObjectInspector:RenderStaticPreview (string,UnityEngine.Object[],int,int)
UnityEditor.AssetPreviewUpdater:CreatePreviewForAsset (UnityEngine.Object,UnityEngine.Object[],string)

[C:\buildslave\unity\build\Modules/Animation/Director/AnimatorControllerPlayable.cpp line 333]

 -> (artifact id: '0903a4c6fabc585bef13ee8fadc9ca2e') in 0.018515 seconds 
========================================================================
Received Import Request.
  Time since last request: 1.733428 seconds.
  path: Assets/Resources/Prefabs/Stuffs/fireBlue.prefab
  artifactKey: Guid(02b7f60b9007eb445a9e29da9d623ac7) Importer(815301076,1909f56bfc062723c751e8b465ee728b)
Start importing Assets/Resources/Prefabs/Stuffs/fireBlue.prefab using Guid(02b7f60b9007eb445a9e29da9d623ac7) Importer(815301076,1909f56bfc062723c751e8b465ee728b) The Animator Controller (fire2) you have used is not valid. Animations will not play
UnityEngine.StackTraceUtility:ExtractStackTrace ()
UnityEditor.EditorUtility:Internal_InstantiateRemoveAllNonAnimationComponentsSingle (UnityEngine.Object,UnityEngine.Vector3,UnityEngine.Quaternion)
UnityEditor.EditorUtility:InstantiateRemoveAllNonAnimationComponents (UnityEngine.Object,UnityEngine.Vector3,UnityEngine.Quaternion)
UnityEditor.EditorUtility:InstantiateForAnimatorPreview (UnityEngine.Object)
UnityEditor.GameObjectInspector/PreviewData:UpdateGameObject (UnityEngine.Object)
UnityEditor.GameObjectInspector/PreviewData:.ctor (UnityEngine.Object)
UnityEditor.GameObjectInspector:GetPreviewData ()
UnityEditor.GameObjectInspector:RenderStaticPreview (string,UnityEngine.Object[],int,int)
UnityEditor.AssetPreviewUpdater:CreatePreviewForAsset (UnityEngine.Object,UnityEngine.Object[],string)

[C:\buildslave\unity\build\Modules/Animation/Director/AnimatorControllerPlayable.cpp line 333]

The Animator Controller (fire2) you have used is not valid. Animations will not play
UnityEngine.StackTraceUtility:ExtractStackTrace ()
UnityEditor.EditorUtility:InitInstantiatedPreviewRecursive (UnityEngine.GameObject)
UnityEditor.EditorUtility:InstantiateForAnimatorPreview (UnityEngine.Object)
UnityEditor.GameObjectInspector/PreviewData:UpdateGameObject (UnityEngine.Object)
UnityEditor.GameObjectInspector/PreviewData:.ctor (UnityEngine.Object)
UnityEditor.GameObjectInspector:GetPreviewData ()
UnityEditor.GameObjectInspector:RenderStaticPreview (string,UnityEngine.Object[],int,int)
UnityEditor.AssetPreviewUpdater:CreatePreviewForAsset (UnityEngine.Object,UnityEngine.Object[],string)

[C:\buildslave\unity\build\Modules/Animation/Director/AnimatorControllerPlayable.cpp line 333]

 -> (artifact id: '64eed3ab560a83ab6554bdbe164eec08') in 0.019143 seconds 
========================================================================
Received Import Request.
  Time since last request: 2.082138 seconds.
  path: Assets/Resources/Prefabs/Stuffs/fireRed.prefab
  artifactKey: Guid(679d5ac63ac920e4db00bb8b369eda0d) Importer(815301076,1909f56bfc062723c751e8b465ee728b)
Start importing Assets/Resources/Prefabs/Stuffs/fireRed.prefab using Guid(679d5ac63ac920e4db00bb8b369eda0d) Importer(815301076,1909f56bfc062723c751e8b465ee728b) The Animator Controller (fire1) you have used is not valid. Animations will not play
UnityEngine.StackTraceUtility:ExtractStackTrace ()
UnityEditor.EditorUtility:Internal_InstantiateRemoveAllNonAnimationComponentsSingle (UnityEngine.Object,UnityEngine.Vector3,UnityEngine.Quaternion)
UnityEditor.EditorUtility:InstantiateRemoveAllNonAnimationComponents (UnityEngine.Object,UnityEngine.Vector3,UnityEngine.Quaternion)
UnityEditor.EditorUtility:InstantiateForAnimatorPreview (UnityEngine.Object)
UnityEditor.GameObjectInspector/PreviewData:UpdateGameObject (UnityEngine.Object)
UnityEditor.GameObjectInspector/PreviewData:.ctor (UnityEngine.Object)
UnityEditor.GameObjectInspector:GetPreviewData ()
UnityEditor.GameObjectInspector:RenderStaticPreview (string,UnityEngine.Object[],int,int)
UnityEditor.AssetPreviewUpdater:CreatePreviewForAsset (UnityEngine.Object,UnityEngine.Object[],string)

[C:\buildslave\unity\build\Modules/Animation/Director/AnimatorControllerPlayable.cpp line 333]

The Animator Controller (fire1) you have used is not valid. Animations will not play
UnityEngine.StackTraceUtility:ExtractStackTrace ()
UnityEditor.EditorUtility:InitInstantiatedPreviewRecursive (UnityEngine.GameObject)
UnityEditor.EditorUtility:InstantiateForAnimatorPreview (UnityEngine.Object)
UnityEditor.GameObjectInspector/PreviewData:UpdateGameObject (UnityEngine.Object)
UnityEditor.GameObjectInspector/PreviewData:.ctor (UnityEngine.Object)
UnityEditor.GameObjectInspector:GetPreviewData ()
UnityEditor.GameObjectInspector:RenderStaticPreview (string,UnityEngine.Object[],int,int)
UnityEditor.AssetPreviewUpdater:CreatePreviewForAsset (UnityEngine.Object,UnityEngine.Object[],string)

[C:\buildslave\unity\build\Modules/Animation/Director/AnimatorControllerPlayable.cpp line 333]

 -> (artifact id: '54d6f1e75ee10f57b86e5a171a63d844') in 0.023415 seconds 
========================================================================
Received Import Request.
  Time since last request: 401.658251 seconds.
  path: Assets/Resources/Sprites/Units
  artifactKey: Guid(563086211435b4e48bc752c6a8c7a609) Importer(815301076,1909f56bfc062723c751e8b465ee728b)
Start importing Assets/Resources/Sprites/Units using Guid(563086211435b4e48bc752c6a8c7a609) Importer(815301076,1909f56bfc062723c751e8b465ee728b)  -> (artifact id: '1d6592cfdb1ca83dc480ef45426d71b9') in 0.010185 seconds 
========================================================================
Received Import Request.
  Time since last request: 112.210271 seconds.
  path: Assets/Resources/Audio
  artifactKey: Guid(b695076b651599a4bbf6fcc59dfa38a3) Importer(815301076,1909f56bfc062723c751e8b465ee728b)
Start importing Assets/Resources/Audio using Guid(b695076b651599a4bbf6fcc59dfa38a3) Importer(815301076,1909f56bfc062723c751e8b465ee728b)  -> (artifact id: '755750b0bd7ca410f8f534dca4492bfa') in 0.007875 seconds 
========================================================================
Received Import Request.
  Time since last request: 65.044702 seconds.
  path: Assets/Resources/Audio/footstep_player.wav
  artifactKey: Guid(7b07a187a339c1f488596a034db7a2b0) Importer(815301076,1909f56bfc062723c751e8b465ee728b)
Start importing Assets/Resources/Audio/footstep_player.wav using Guid(7b07a187a339c1f488596a034db7a2b0) Importer(815301076,1909f56bfc062723c751e8b465ee728b)  -> (artifact id: '011499df0967ed5df05718ec618f8f82') in 0.162185 seconds 
========================================================================
Received Import Request.
  Time since last request: 262.867752 seconds.
  path: Assets/Resources/Prefabs/Enemies/normalCreep.prefab
  artifactKey: Guid(6716bac71b5405d4f834caa2ee4b1f9a) Importer(815301076,1909f56bfc062723c751e8b465ee728b)
Start importing Assets/Resources/Prefabs/Enemies/normalCreep.prefab using Guid(6716bac71b5405d4f834caa2ee4b1f9a) Importer(815301076,1909f56bfc062723c751e8b465ee728b)  -> (artifact id: '0dc2cf6c281be28b788e6931a8d55ad5') in 0.192100 seconds 
========================================================================
Received Import Request.
  Time since last request: 1.231963 seconds.
  path: Assets/Resources/Prefabs/Enemies/damagedCreep.prefab
  artifactKey: Guid(a7b7b088f5b800b44ac597e2f27c5fc0) Importer(815301076,1909f56bfc062723c751e8b465ee728b)
Start importing Assets/Resources/Prefabs/Enemies/damagedCreep.prefab using Guid(a7b7b088f5b800b44ac597e2f27c5fc0) Importer(815301076,1909f56bfc062723c751e8b465ee728b)  -> (artifact id: '660c392a59275dfb24f11b8491ac2924') in 0.125932 seconds 
========================================================================
Received Import Request.
  Time since last request: 1.364288 seconds.
  path: Assets/Resources/Prefabs/Enemies/armoredCreep.prefab
  artifactKey: Guid(b72354088645a39438ead04f832ed02f) Importer(815301076,1909f56bfc062723c751e8b465ee728b)
Start importing Assets/Resources/Prefabs/Enemies/armoredCreep.prefab using Guid(b72354088645a39438ead04f832ed02f) Importer(815301076,1909f56bfc062723c751e8b465ee728b)  -> (artifact id: 'b38f1b839fc5e9cda3402b760b07e2ec') in 0.120183 seconds 
========================================================================
Received Import Request.
  Time since last request: 1.344752 seconds.
  path: Assets/Resources/Prefabs/Enemies/witchCreep.prefab
  artifactKey: Guid(212d1f212301dd84ea895c0ec4b07ed5) Importer(815301076,1909f56bfc062723c751e8b465ee728b)
Start importing Assets/Resources/Prefabs/Enemies/witchCreep.prefab using Guid(212d1f212301dd84ea895c0ec4b07ed5) Importer(815301076,1909f56bfc062723c751e8b465ee728b)  -> (artifact id: 'f90abfef7f6e37f7f079f2944aff713e') in 0.118281 seconds 
========================================================================
Received Import Request.
  Time since last request: 1.423974 seconds.
  path: Assets/Resources/Prefabs/Enemies/skelCreep.prefab
  artifactKey: Guid(be4bbea9fb920b54a9205878725207a9) Importer(815301076,1909f56bfc062723c751e8b465ee728b)
Start importing Assets/Resources/Prefabs/Enemies/skelCreep.prefab using Guid(be4bbea9fb920b54a9205878725207a9) Importer(815301076,1909f56bfc062723c751e8b465ee728b)  -> (artifact id: 'a70bc774f9819835228a91de927bf437') in 0.166953 seconds 
========================================================================
Received Import Request.
  Time since last request: 28.645963 seconds.
  path: Assets/Resources/Prefabs/Player/player.prefab
  artifactKey: Guid(1820893bb40d6604d83f544b8a0fb707) Importer(815301076,1909f56bfc062723c751e8b465ee728b)
Start importing Assets/Resources/Prefabs/Player/player.prefab using Guid(1820893bb40d6604d83f544b8a0fb707) Importer(815301076,1909f56bfc062723c751e8b465ee728b)  -> (artifact id: '3fc8bba71aa2513ee8815162ea4fd829') in 0.370363 seconds 
========================================================================
Received Import Request.
  Time since last request: 311.036539 seconds.
  path: Assets/Resources/Sprites/Maps/Textures
  artifactKey: Guid(527057d7ef9d76845862e43eb0ee897f) Importer(815301076,1909f56bfc062723c751e8b465ee728b)
Start importing Assets/Resources/Sprites/Maps/Textures using Guid(527057d7ef9d76845862e43eb0ee897f) Importer(815301076,1909f56bfc062723c751e8b465ee728b)  -> (artifact id: 'a32e4780fa5d68ed9385fc02677fb1ff') in 0.014254 seconds 
========================================================================
Received Import Request.
  Time since last request: 80.870540 seconds.
  path: Assets/Resources/Sprites/Maps/inner_GFX.png
  artifactKey: Guid(3edc3d63aeca03e428befcdd023fd9ef) Importer(815301076,1909f56bfc062723c751e8b465ee728b)
Start importing Assets/Resources/Sprites/Maps/inner_GFX.png using Guid(3edc3d63aeca03e428befcdd023fd9ef) Importer(815301076,1909f56bfc062723c751e8b465ee728b)  -> (artifact id: 'db31d855e5236eae20b9977d6b74c602') in 0.023816 seconds 
========================================================================
Received Import Request.
  Time since last request: 42.134646 seconds.
  path: Assets/Resources/Sprites/Maps/terrain_atlas_LPC.png
  artifactKey: Guid(63a086fac70769f4c8ac09ce0419c742) Importer(815301076,1909f56bfc062723c751e8b465ee728b)
Start importing Assets/Resources/Sprites/Maps/terrain_atlas_LPC.png using Guid(63a086fac70769f4c8ac09ce0419c742) Importer(815301076,1909f56bfc062723c751e8b465ee728b)  -> (artifact id: '6e4fdbc2a4ff2c2ecdfdcde26dc199a7') in 0.023162 seconds 
========================================================================
Received Import Request.
  Time since last request: 1237.999837 seconds.
  path: Assets/Resources/Sprites/Maps/inner_GFX.png
  artifactKey: Guid(3edc3d63aeca03e428befcdd023fd9ef) Importer(815301076,1909f56bfc062723c751e8b465ee728b)
Start importing Assets/Resources/Sprites/Maps/inner_GFX.png using Guid(3edc3d63aeca03e428befcdd023fd9ef) Importer(815301076,1909f56bfc062723c751e8b465ee728b)  -> (artifact id: 'c84516fe0e46929440a5a64367840434') in 0.886310 seconds 
========================================================================
Received Import Request.
  Time since last request: 40.241948 seconds.
  path: Assets/Resources/Sprites/Maps/overworld_GFX.png
  artifactKey: Guid(c4d357b85f31cce489181e51c523591b) Importer(815301076,1909f56bfc062723c751e8b465ee728b)
Start importing Assets/Resources/Sprites/Maps/overworld_GFX.png using Guid(c4d357b85f31cce489181e51c523591b) Importer(815301076,1909f56bfc062723c751e8b465ee728b)  -> (artifact id: 'aa9baab1556f6dfba64dbadbada208d8') in 4.545616 seconds 
========================================================================
Received Import Request.
  Time since last request: 183.091552 seconds.
  path: Assets/Resources/Sprites/Maps/terrain_atlas_LPC.png
  artifactKey: Guid(63a086fac70769f4c8ac09ce0419c742) Importer(815301076,1909f56bfc062723c751e8b465ee728b)
Start importing Assets/Resources/Sprites/Maps/terrain_atlas_LPC.png using Guid(63a086fac70769f4c8ac09ce0419c742) Importer(815301076,1909f56bfc062723c751e8b465ee728b)  -> (artifact id: '63929fd6180a586fcc55d3cae3b74823') in 13.071568 seconds 
========================================================================
Received Import Request.
  Time since last request: 80.179486 seconds.
  path: Assets/Resources/Maps
  artifactKey: Guid(4a2bf7d6a15ec0344a9b8fd7fc68fd72) Importer(815301076,1909f56bfc062723c751e8b465ee728b)
Start importing Assets/Resources/Maps using Guid(4a2bf7d6a15ec0344a9b8fd7fc68fd72) Importer(815301076,1909f56bfc062723c751e8b465ee728b)  -> (artifact id: '0878f34c3e6d823d1789a18bf6b26c73') in 0.015422 seconds 
========================================================================
Received Import Request.
  Time since last request: 30.132068 seconds.
  path: Assets/Resources/Map
  artifactKey: Guid(4a2bf7d6a15ec0344a9b8fd7fc68fd72) Importer(815301076,1909f56bfc062723c751e8b465ee728b)
Start importing Assets/Resources/Map using Guid(4a2bf7d6a15ec0344a9b8fd7fc68fd72) Importer(815301076,1909f56bfc062723c751e8b465ee728b)  -> (artifact id: 'df7c0c84679db4877dad1cd8350958f3') in 0.015721 seconds 
========================================================================
Received Import Request.
  Time since last request: 247.365365 seconds.
  path: Assets/Resources/Maps/GFX_in_Palette.prefab
  artifactKey: Guid(502bdce881cfd5143a75e8d5731813af) Importer(815301076,1909f56bfc062723c751e8b465ee728b)
Start importing Assets/Resources/Maps/GFX_in_Palette.prefab using Guid(502bdce881cfd5143a75e8d5731813af) Importer(815301076,1909f56bfc062723c751e8b465ee728b)  -> (artifact id: 'caab0996612d5e37521844398e3f8c84') in 0.052006 seconds 
========================================================================
Received Import Request.
  Time since last request: 5.681858 seconds.
  path: Assets/Resources/Maps/GFX_In_Palette.prefab
  artifactKey: Guid(502bdce881cfd5143a75e8d5731813af) Importer(815301076,1909f56bfc062723c751e8b465ee728b)
Start importing Assets/Resources/Maps/GFX_In_Palette.prefab using Guid(502bdce881cfd5143a75e8d5731813af) Importer(815301076,1909f56bfc062723c751e8b465ee728b)  -> (artifact id: '629621f13e1316fe4b798cf37aef48e6') in 0.034155 seconds 
========================================================================
Received Import Request.
  Time since last request: 3.028858 seconds.
  path: Assets/Resources/Maps/GFX_Out_Palette.prefab
  artifactKey: Guid(2d4ac59e546debf4c8d5a7bd02284803) Importer(815301076,1909f56bfc062723c751e8b465ee728b)
Start importing Assets/Resources/Maps/GFX_Out_Palette.prefab using Guid(2d4ac59e546debf4c8d5a7bd02284803) Importer(815301076,1909f56bfc062723c751e8b465ee728b)  -> (artifact id: 'aa76724d8a788bc4957da8e00ca5727f') in 0.036237 seconds 
========================================================================
Received Import Request.
  Time since last request: 86.426316 seconds.
  path: Assets/Resources/Maps/LPC_Palette.prefab
  artifactKey: Guid(7ecf1eff0ed8d8842a0d2a838449a7ea) Importer(815301076,1909f56bfc062723c751e8b465ee728b)
Start importing Assets/Resources/Maps/LPC_Palette.prefab using Guid(7ecf1eff0ed8d8842a0d2a838449a7ea) Importer(815301076,1909f56bfc062723c751e8b465ee728b)  -> (artifact id: '79a731f46d5ae7648b96967c90e6ec17') in 0.037628 seconds 
========================================================================
Received Import Request.
  Time since last request: 91.603361 seconds.
  path: Assets/Resources/Maps/GFX_In_Palette.prefab
  artifactKey: Guid(502bdce881cfd5143a75e8d5731813af) Importer(815301076,1909f56bfc062723c751e8b465ee728b)
Start importing Assets/Resources/Maps/GFX_In_Palette.prefab using Guid(502bdce881cfd5143a75e8d5731813af) Importer(815301076,1909f56bfc062723c751e8b465ee728b)  -> (artifact id: '30654831ebeb7b20931704addca748e5') in 0.218667 seconds 
AssetImportWorkerClient::OnTransportError - code=2 error=End of file
